<?xml version="1.0" encoding="UTF-8"?>
<!-- Generated by org.testng.reporters.JUnitXMLReporter -->
<testsuite hostname="Pallavi1605" name="project" tests="1" failures="1" timestamp="27 Jun 2022 11:03:48 GMT" time="0.043" errors="0">
  <testcase name="testtwo" time="0.0" classname="selenium.TestngGroup">
    <failure type="org.testng.TestNGException" message="
Method testtwo requires 1 parameters but 0 were supplied in the @Test annotation.">
      <![CDATA[org.testng.TestNGException: 
Method testtwo requires 1 parameters but 0 were supplied in the @Test annotation.
... Removed 24 stack frames]]>
    </failure>
  </testcase> <!-- testtwo -->
</testsuite> <!-- project -->
